2026-05-03T12:26:59.126Z [OPTIONS] /api/auth/signup - Origin: http://localhost:3000 - Host: localhost:4000
2026-05-03T12:26:59.135Z [POST] /api/auth/signup - Origin: http://localhost:3000 - Host: localhost:4000
2026-05-03T12:27:03.508Z [OPTIONS] /api/user/dashboard - Origin: http://localhost:3000 - Host: localhost:4000
2026-05-03T12:27:03.517Z [GET] /api/user/dashboard - Origin: http://localhost:3000 - Host: localhost:4000
2026-05-03T12:27:03.557Z [OPTIONS] /api/user/dashboard - Origin: http://localhost:3000 - Host: localhost:4000
2026-05-03T12:27:05.881Z [GET] /api/user/dashboard - Origin: http://localhost:3000 - Host: localhost:4000
2026-05-03T12:29:25.787Z [OPTIONS] /api/auth/login - Origin: http://localhost:3000 - Host: localhost:4000
2026-05-03T12:29:25.795Z [POST] /api/auth/login - Origin: http://localhost:3000 - Host: localhost:4000
2026-05-03T12:29:59.805Z [OPTIONS] /api/auth/signup - Origin: http://localhost:3000 - Host: localhost:4000
2026-05-03T12:29:59.810Z [POST] /api/auth/signup - Origin: http://localhost:3000 - Host: localhost:4000
2026-05-03T12:30:02.203Z [OPTIONS] /api/user/dashboard - Origin: http://localhost:3000 - Host: localhost:4000
2026-05-03T12:30:02.209Z [OPTIONS] /api/user/dashboard - Origin: http://localhost:3000 - Host: localhost:4000
2026-05-03T12:30:02.210Z [GET] /api/user/dashboard - Origin: http://localhost:3000 - Host: localhost:4000
2026-05-03T12:30:05.464Z [GET] /api/user/dashboard - Origin: http://localhost:3000 - Host: localhost:4000
2026-05-03T12:33:35.800Z [OPTIONS] /api/models - Origin: http://localhost:3000 - Host: localhost:4000
2026-05-03T12:33:35.825Z [OPTIONS] /api/models - Origin: http://localhost:3000 - Host: localhost:4000
2026-05-03T12:33:35.835Z [GET] /api/models - Origin: http://localhost:3000 - Host: localhost:4000
2026-05-03T12:33:38.132Z [GET] /api/models - Origin: http://localhost:3000 - Host: localhost:4000
2026-05-03T12:35:26.755Z [OPTIONS] /api/models - Origin: http://localhost:3000 - Host: localhost:4000
2026-05-03T12:35:26.764Z [OPTIONS] /api/models - Origin: http://localhost:3000 - Host: localhost:4000
2026-05-03T12:35:26.765Z [GET] /api/models - Origin: http://localhost:3000 - Host: localhost:4000
2026-05-03T12:35:28.936Z [OPTIONS] /api/models?category=Architecture - Origin: http://localhost:3000 - Host: localhost:4000
2026-05-03T12:35:28.940Z [GET] /api/models?category=Architecture - Origin: http://localhost:3000 - Host: localhost:4000
2026-05-03T12:35:29.199Z [GET] /api/models - Origin: http://localhost:3000 - Host: localhost:4000
2026-05-03T12:35:29.332Z [OPTIONS] /api/models?category=VR%2FAR - Origin: http://localhost:3000 - Host: localhost:4000
2026-05-03T12:35:29.336Z [GET] /api/models?category=VR%2FAR - Origin: http://localhost:3000 - Host: localhost:4000
2026-05-03T12:35:29.807Z [OPTIONS] /api/models?category=Animation - Origin: http://localhost:3000 - Host: localhost:4000
2026-05-03T12:35:29.810Z [GET] /api/models?category=Animation - Origin: http://localhost:3000 - Host: localhost:4000
2026-05-03T12:35:30.840Z [OPTIONS] /api/models?category=Product%20Design - Origin: http://localhost:3000 - Host: localhost:4000
2026-05-03T12:35:30.842Z [GET] /api/models?category=Product%20Design - Origin: http://localhost:3000 - Host: localhost:4000
2026-05-03T12:35:31.363Z [OPTIONS] /api/models?category=Digital%20Art - Origin: http://localhost:3000 - Host: localhost:4000
2026-05-03T12:35:31.365Z [GET] /api/models?category=Digital%20Art - Origin: http://localhost:3000 - Host: localhost:4000
2026-05-03T12:35:32.535Z [GET] /api/models?category=Product%20Design - Origin: http://localhost:3000 - Host: localhost:4000
2026-05-03T12:35:33.024Z [GET] /api/models?category=Animation - Origin: http://localhost:3000 - Host: localhost:4000
2026-05-03T12:35:33.522Z [GET] /api/models?category=Architecture - Origin: http://localhost:3000 - Host: localhost:4000
2026-05-03T12:35:34.057Z [OPTIONS] /api/models - Origin: http://localhost:3000 - Host: localhost:4000
2026-05-03T12:35:34.063Z [GET] /api/models - Origin: http://localhost:3000 - Host: localhost:4000
2026-05-03T12:35:34.551Z [OPTIONS] /api/models?category=Gaming - Origin: http://localhost:3000 - Host: localhost:4000
2026-05-03T12:35:34.555Z [GET] /api/models?category=Gaming - Origin: http://localhost:3000 - Host: localhost:4000
2026-05-03T12:35:37.263Z [GET] /api/models - Origin: http://localhost:3000 - Host: localhost:4000
2026-05-03T12:35:37.856Z [GET] /api/models - Origin: http://localhost:3000 - Host: localhost:4000
2026-05-03T12:36:01.267Z [OPTIONS] /api/auth/me - Origin: http://localhost:3000 - Host: localhost:4000
2026-05-03T12:36:01.272Z [OPTIONS] /api/models - Origin: http://localhost:3000 - Host: localhost:4000
2026-05-03T12:36:01.273Z [GET] /api/auth/me - Origin: http://localhost:3000 - Host: localhost:4000
2026-05-03T12:36:01.310Z [GET] /api/models - Origin: http://localhost:3000 - Host: localhost:4000
2026-05-03T12:36:50.412Z [OPTIONS] /api/auth/me - Origin: http://localhost:3000 - Host: localhost:4000
2026-05-03T12:36:50.416Z [GET] /api/auth/me - Origin: http://localhost:3000 - Host: localhost:4000
2026-05-03T12:36:55.781Z [OPTIONS] /api/models - Origin: http://localhost:3000 - Host: localhost:4000
2026-05-03T12:36:55.791Z [OPTIONS] /api/models - Origin: http://localhost:3000 - Host: localhost:4000
2026-05-03T12:36:55.793Z [GET] /api/models - Origin: http://localhost:3000 - Host: localhost:4000
2026-05-03T12:36:56.417Z [GET] /api/models - Origin: http://localhost:3000 - Host: localhost:4000
2026-05-03T12:36:59.376Z [GET] /api/models - Origin: http://localhost:3000 - Host: localhost:4000
2026-05-03T12:36:59.984Z [GET] /api/models - Origin: http://localhost:3000 - Host: localhost:4000
2026-05-03T12:37:30.000Z [OPTIONS] /api/models - Origin: http://localhost:3000 - Host: localhost:4000
2026-05-03T12:37:30.002Z [OPTIONS] /api/models - Origin: http://localhost:3000 - Host: localhost:4000
2026-05-03T12:37:30.006Z [GET] /api/models - Origin: http://localhost:3000 - Host: localhost:4000
2026-05-03T12:37:32.755Z [GET] /api/models - Origin: http://localhost:3000 - Host: localhost:4000
2026-05-03T12:37:44.180Z [OPTIONS] /api/models - Origin: http://localhost:3000 - Host: localhost:4000
2026-05-03T12:37:44.181Z [OPTIONS] /api/models - Origin: http://localhost:3000 - Host: localhost:4000
2026-05-03T12:37:44.182Z [GET] /api/models - Origin: http://localhost:3000 - Host: localhost:4000
2026-05-03T12:37:46.817Z [GET] /api/models - Origin: http://localhost:3000 - Host: localhost:4000
2026-05-03T12:37:59.366Z [OPTIONS] /api/models - Origin: http://localhost:3000 - Host: localhost:4000
2026-05-03T12:37:59.367Z [OPTIONS] /api/models - Origin: http://localhost:3000 - Host: localhost:4000
2026-05-03T12:37:59.372Z [GET] /api/models - Origin: http://localhost:3000 - Host: localhost:4000
2026-05-03T12:38:01.526Z [GET] /api/models - Origin: http://localhost:3000 - Host: localhost:4000
2026-05-03T12:39:09.462Z [OPTIONS] /api/auth/me - Origin: http://localhost:3000 - Host: localhost:4000
2026-05-03T12:39:09.481Z [OPTIONS] /api/user/stats - Origin: http://localhost:3000 - Host: localhost:4000
2026-05-03T12:39:09.485Z [OPTIONS] /api/auth/me - Origin: http://localhost:3000 - Host: localhost:4000
2026-05-03T12:39:09.488Z [OPTIONS] /api/user/stats - Origin: http://localhost:3000 - Host: localhost:4000
2026-05-03T12:39:09.522Z [GET] /api/user/stats - Origin: http://localhost:3000 - Host: localhost:4000
2026-05-03T12:39:09.593Z [GET] /api/auth/me - Origin: http://localhost:3000 - Host: localhost:4000
2026-05-03T12:39:12.089Z [GET] /api/auth/me - Origin: http://localhost:3000 - Host: localhost:4000
2026-05-03T12:39:12.095Z [GET] /api/user/stats - Origin: http://localhost:3000 - Host: localhost:4000
2026-05-03T12:39:24.452Z [OPTIONS] /api/models - Origin: http://localhost:3000 - Host: localhost:4000
2026-05-03T12:39:24.454Z [OPTIONS] /api/models - Origin: http://localhost:3000 - Host: localhost:4000
2026-05-03T12:39:24.459Z [GET] /api/models - Origin: http://localhost:3000 - Host: localhost:4000
2026-05-03T12:39:26.950Z [GET] /api/models - Origin: http://localhost:3000 - Host: localhost:4000
2026-05-03T12:40:29.125Z [OPTIONS] /api/models - Origin: http://localhost:3000 - Host: localhost:4000
2026-05-03T12:40:29.129Z [OPTIONS] /api/models - Origin: http://localhost:3000 - Host: localhost:4000
2026-05-03T12:40:29.131Z [GET] /api/models - Origin: http://localhost:3000 - Host: localhost:4000
2026-05-03T12:40:31.444Z [GET] /api/models - Origin: http://localhost:3000 - Host: localhost:4000
2026-05-03T12:40:31.976Z [GET] /api/models - Origin: http://localhost:3000 - Host: localhost:4000
2026-05-03T12:40:32.489Z [GET] /api/models - Origin: http://localhost:3000 - Host: localhost:4000
2026-05-03T12:41:08.581Z [OPTIONS] /api/models - Origin: http://localhost:3000 - Host: localhost:4000
2026-05-03T12:41:08.612Z [OPTIONS] /api/models - Origin: http://localhost:3000 - Host: localhost:4000
2026-05-03T12:41:08.617Z [GET] /api/models - Origin: http://localhost:3000 - Host: localhost:4000
2026-05-03T12:41:11.316Z [GET] /api/models - Origin: http://localhost:3000 - Host: localhost:4000
2026-05-03T12:42:24.398Z [OPTIONS] /api/models - Origin: http://localhost:3000 - Host: localhost:4000
2026-05-03T12:42:24.403Z [POST] /api/models - Origin: http://localhost:3000 - Host: localhost:4000
2026-05-03T12:42:27.735Z [OPTIONS] /api/auth/me - Origin: http://localhost:3000 - Host: localhost:4000
2026-05-03T12:42:27.737Z [OPTIONS] /api/models/5bd72697-a84f-49e1-94ef-2c22d5b43116 - Origin: http://localhost:3000 - Host: localhost:4000
2026-05-03T12:42:27.738Z [OPTIONS] /api/auth/me - Origin: http://localhost:3000 - Host: localhost:4000
2026-05-03T12:42:27.752Z [OPTIONS] /api/models/5bd72697-a84f-49e1-94ef-2c22d5b43116 - Origin: http://localhost:3000 - Host: localhost:4000
2026-05-03T12:42:27.753Z [GET] /api/auth/me - Origin: http://localhost:3000 - Host: localhost:4000
2026-05-03T12:42:27.757Z [GET] /api/models/5bd72697-a84f-49e1-94ef-2c22d5b43116 - Origin: http://localhost:3000 - Host: localhost:4000
2026-05-03T12:42:27.991Z [GET] /api/auth/me - Origin: http://localhost:3000 - Host: localhost:4000
2026-05-03T12:42:29.942Z [GET] /api/models/5bd72697-a84f-49e1-94ef-2c22d5b43116 - Origin: http://localhost:3000 - Host: localhost:4000
2026-05-03T12:55:12.102Z [OPTIONS] /api/auth/me - Origin: http://localhost:3000 - Host: localhost:4000
2026-05-03T12:55:12.113Z [OPTIONS] /api/models - Origin: http://localhost:3000 - Host: localhost:4000
2026-05-03T12:55:12.118Z [GET] /api/auth/me - Origin: http://localhost:3000 - Host: localhost:4000
2026-05-03T12:55:12.168Z [GET] /api/models - Origin: http://localhost:3000 - Host: localhost:4000
2026-05-03T12:55:54.639Z [OPTIONS] /api/auth/me - Origin: http://localhost:3000 - Host: localhost:4000
2026-05-03T12:55:54.647Z [OPTIONS] /api/models - Origin: http://localhost:3000 - Host: localhost:4000
2026-05-03T12:55:54.650Z [GET] /api/auth/me - Origin: http://localhost:3000 - Host: localhost:4000
2026-05-03T12:55:54.658Z [GET] /api/models - Origin: http://localhost:3000 - Host: localhost:4000
2026-05-03T12:55:58.836Z [GET] /api/models - Origin: http://localhost:3000 - Host: localhost:4000
2026-05-03T12:55:59.424Z [GET] /api/models - Origin: http://localhost:3000 - Host: localhost:4000
2026-05-03T12:56:05.465Z [OPTIONS] /api/auth/me - Origin: http://localhost:3000 - Host: localhost:4000
2026-05-03T12:56:05.467Z [OPTIONS] /api/auth/me - Origin: http://localhost:3000 - Host: localhost:4000
2026-05-03T12:56:05.469Z [GET] /api/auth/me - Origin: http://localhost:3000 - Host: localhost:4000
2026-05-03T12:56:05.747Z [GET] /api/auth/me - Origin: http://localhost:3000 - Host: localhost:4000
2026-05-03T12:56:21.022Z [OPTIONS] /api/auth/me - Origin: http://localhost:3000 - Host: localhost:4000
2026-05-03T12:56:21.028Z [OPTIONS] /api/auth/me - Origin: http://localhost:3000 - Host: localhost:4000
2026-05-03T12:56:21.050Z [GET] /api/auth/me - Origin: http://localhost:3000 - Host: localhost:4000
2026-05-03T12:56:23.569Z [GET] /api/auth/me - Origin: http://localhost:3000 - Host: localhost:4000
2026-05-03T12:56:37.718Z [OPTIONS] /api/models - Origin: http://localhost:3000 - Host: localhost:4000
2026-05-03T12:56:37.721Z [OPTIONS] /api/models - Origin: http://localhost:3000 - Host: localhost:4000
2026-05-03T12:56:37.724Z [GET] /api/models - Origin: http://localhost:3000 - Host: localhost:4000
2026-05-03T12:56:40.063Z [GET] /api/models - Origin: http://localhost:3000 - Host: localhost:4000
2026-05-03T12:57:08.984Z [OPTIONS] /api/user/dashboard - Origin: http://localhost:3000 - Host: localhost:4000
2026-05-03T12:57:08.989Z [OPTIONS] /api/user/dashboard - Origin: http://localhost:3000 - Host: localhost:4000
2026-05-03T12:57:08.991Z [GET] /api/user/dashboard - Origin: http://localhost:3000 - Host: localhost:4000
2026-05-03T12:57:12.311Z [GET] /api/user/dashboard - Origin: http://localhost:3000 - Host: localhost:4000
2026-05-03T12:57:30.039Z [OPTIONS] /api/auth/me - Origin: http://localhost:3000 - Host: localhost:4000
2026-05-03T12:57:30.041Z [OPTIONS] /api/user/dashboard - Origin: http://localhost:3000 - Host: localhost:4000
2026-05-03T12:57:30.052Z [GET] /api/auth/me - Origin: http://localhost:3000 - Host: localhost:4000
2026-05-03T12:57:30.078Z [GET] /api/user/dashboard - Origin: http://localhost:3000 - Host: localhost:4000
2026-05-03T12:57:46.032Z [OPTIONS] /api/models - Origin: http://localhost:3000 - Host: localhost:4000
2026-05-03T12:57:46.033Z [OPTIONS] /api/models - Origin: http://localhost:3000 - Host: localhost:4000
2026-05-03T12:57:46.036Z [GET] /api/models - Origin: http://localhost:3000 - Host: localhost:4000
2026-05-03T12:57:48.487Z [GET] /api/models - Origin: http://localhost:3000 - Host: localhost:4000
2026-05-03T12:57:52.969Z [OPTIONS] /api/auth/me - Origin: http://localhost:3000 - Host: localhost:4000
2026-05-03T12:57:52.974Z [OPTIONS] /api/models/5bd72697-a84f-49e1-94ef-2c22d5b43116 - Origin: http://localhost:3000 - Host: localhost:4000
2026-05-03T12:57:52.975Z [OPTIONS] /api/auth/me - Origin: http://localhost:3000 - Host: localhost:4000
2026-05-03T12:57:52.976Z [GET] /api/auth/me - Origin: http://localhost:3000 - Host: localhost:4000
2026-05-03T12:57:52.979Z [OPTIONS] /api/models/5bd72697-a84f-49e1-94ef-2c22d5b43116 - Origin: http://localhost:3000 - Host: localhost:4000
2026-05-03T12:57:52.979Z [GET] /api/models/5bd72697-a84f-49e1-94ef-2c22d5b43116 - Origin: http://localhost:3000 - Host: localhost:4000
2026-05-03T12:57:53.265Z [GET] /api/auth/me - Origin: http://localhost:3000 - Host: localhost:4000
2026-05-03T12:57:55.348Z [GET] /api/models/5bd72697-a84f-49e1-94ef-2c22d5b43116 - Origin: http://localhost:3000 - Host: localhost:4000
2026-05-03T12:59:07.653Z [OPTIONS] /api/auth/me - Origin: http://localhost:3000 - Host: localhost:4000
2026-05-03T12:59:07.803Z [GET] /api/auth/me - Origin: http://localhost:3000 - Host: localhost:4000
2026-05-03T12:59:12.516Z [OPTIONS] /api/models - Origin: http://localhost:3000 - Host: localhost:4000
2026-05-03T12:59:12.528Z [OPTIONS] /api/models - Origin: http://localhost:3000 - Host: localhost:4000
2026-05-03T12:59:12.532Z [GET] /api/models - Origin: http://localhost:3000 - Host: localhost:4000
2026-05-03T12:59:13.051Z [GET] /api/models - Origin: http://localhost:3000 - Host: localhost:4000
2026-05-03T12:59:13.683Z [GET] /api/models - Origin: http://localhost:3000 - Host: localhost:4000
2026-05-03T12:59:14.204Z [GET] /api/models - Origin: http://localhost:3000 - Host: localhost:4000
2026-05-03T12:59:28.357Z [GET] /api/models - Origin: http://localhost:3000 - Host: localhost:4000
2026-05-03T13:00:17.831Z [OPTIONS] /api/auth/login - Origin: http://localhost:3000 - Host: localhost:4000
2026-05-03T13:00:17.839Z [POST] /api/auth/login - Origin: http://localhost:3000 - Host: localhost:4000
2026-05-03T13:00:23.583Z [OPTIONS] /api/auth/login - Origin: http://localhost:3000 - Host: localhost:4000
2026-05-03T13:00:23.591Z [POST] /api/auth/login - Origin: http://localhost:3000 - Host: localhost:4000
2026-05-03T13:00:24.252Z [OPTIONS] /api/user/dashboard - Origin: http://localhost:3000 - Host: localhost:4000
2026-05-03T13:00:24.259Z [GET] /api/user/dashboard - Origin: http://localhost:3000 - Host: localhost:4000
2026-05-03T13:00:24.266Z [OPTIONS] /api/user/dashboard - Origin: http://localhost:3000 - Host: localhost:4000
2026-05-03T13:00:26.561Z [GET] /api/user/dashboard - Origin: http://localhost:3000 - Host: localhost:4000
2026-05-03T13:00:41.239Z [OPTIONS] /api/auth/me - Origin: http://localhost:3000 - Host: localhost:4000
2026-05-03T13:00:41.247Z [OPTIONS] /api/user/dashboard - Origin: http://localhost:3000 - Host: localhost:4000
2026-05-03T13:00:41.252Z [GET] /api/auth/me - Origin: http://localhost:3000 - Host: localhost:4000
2026-05-03T13:00:41.289Z [GET] /api/user/dashboard - Origin: http://localhost:3000 - Host: localhost:4000
2026-05-03T13:00:45.990Z [OPTIONS] /api/models - Origin: http://localhost:3000 - Host: localhost:4000
2026-05-03T13:00:45.992Z [OPTIONS] /api/models - Origin: http://localhost:3000 - Host: localhost:4000
2026-05-03T13:00:46.002Z [GET] /api/models - Origin: http://localhost:3000 - Host: localhost:4000
2026-05-03T13:00:46.534Z [GET] /api/models - Origin: http://localhost:3000 - Host: localhost:4000
2026-05-03T13:02:19.345Z [OPTIONS] /api/auth/me - Origin: http://localhost:3000 - Host: localhost:4000
2026-05-03T13:02:19.351Z [OPTIONS] /api/auth/me - Origin: http://localhost:3000 - Host: localhost:4000
2026-05-03T13:02:19.353Z [GET] /api/auth/me - Origin: http://localhost:3000 - Host: localhost:4000
2026-05-03T13:02:21.077Z [GET] /api/auth/me - Origin: http://localhost:3000 - Host: localhost:4000
2026-05-03T13:02:22.075Z [OPTIONS] /api/models - Origin: http://localhost:3000 - Host: localhost:4000
2026-05-03T13:02:22.076Z [OPTIONS] /api/models - Origin: http://localhost:3000 - Host: localhost:4000
2026-05-03T13:02:22.089Z [GET] /api/models - Origin: http://localhost:3000 - Host: localhost:4000
2026-05-03T13:02:22.617Z [GET] /api/models - Origin: http://localhost:3000 - Host: localhost:4000
2026-05-03T13:02:32.232Z [OPTIONS] /api/models - Origin: http://localhost:3000 - Host: localhost:4000
2026-05-03T13:02:32.234Z [OPTIONS] /api/models - Origin: http://localhost:3000 - Host: localhost:4000
2026-05-03T13:02:32.235Z [GET] /api/models - Origin: http://localhost:3000 - Host: localhost:4000
2026-05-03T13:02:32.931Z [GET] /api/models - Origin: http://localhost:3000 - Host: localhost:4000
2026-05-03T13:03:05.356Z [OPTIONS] /api/models - Origin: http://localhost:3000 - Host: localhost:4000
2026-05-03T13:03:05.365Z [OPTIONS] /api/auth/me - Origin: http://localhost:3000 - Host: localhost:4000
2026-05-03T13:03:05.368Z [GET] /api/models - Origin: http://localhost:3000 - Host: localhost:4000
2026-05-03T13:03:05.384Z [GET] /api/auth/me - Origin: http://localhost:3000 - Host: localhost:4000
2026-05-03T13:03:20.992Z [OPTIONS] /api/user/dashboard - Origin: http://localhost:3000 - Host: localhost:4000
2026-05-03T13:03:21.003Z [OPTIONS] /api/user/dashboard - Origin: http://localhost:3000 - Host: localhost:4000
2026-05-03T13:03:21.004Z [GET] /api/user/dashboard - Origin: http://localhost:3000 - Host: localhost:4000
2026-05-03T13:03:23.820Z [GET] /api/user/dashboard - Origin: http://localhost:3000 - Host: localhost:4000
2026-05-03T13:03:27.411Z [OPTIONS] /api/models/5bd72697-a84f-49e1-94ef-2c22d5b43116 - Origin: http://localhost:3000 - Host: localhost:4000
2026-05-03T13:03:27.419Z [GET] /api/models/5bd72697-a84f-49e1-94ef-2c22d5b43116 - Origin: http://localhost:3000 - Host: localhost:4000
2026-05-03T13:03:27.432Z [OPTIONS] /api/models/5bd72697-a84f-49e1-94ef-2c22d5b43116 - Origin: http://localhost:3000 - Host: localhost:4000
2026-05-03T13:03:28.001Z [GET] /api/models/5bd72697-a84f-49e1-94ef-2c22d5b43116 - Origin: http://localhost:3000 - Host: localhost:4000
2026-05-03T13:03:35.238Z [OPTIONS] /api/models/5bd72697-a84f-49e1-94ef-2c22d5b43116 - Origin: http://localhost:3000 - Host: localhost:4000
2026-05-03T13:03:35.252Z [DELETE] /api/models/5bd72697-a84f-49e1-94ef-2c22d5b43116 - Origin: http://localhost:3000 - Host: localhost:4000
2026-05-03T13:03:36.199Z [OPTIONS] /api/user/dashboard - Origin: http://localhost:3000 - Host: localhost:4000
2026-05-03T13:03:36.208Z [OPTIONS] /api/user/dashboard - Origin: http://localhost:3000 - Host: localhost:4000
2026-05-03T13:03:36.209Z [GET] /api/user/dashboard - Origin: http://localhost:3000 - Host: localhost:4000
2026-05-03T13:03:39.002Z [GET] /api/user/dashboard - Origin: http://localhost:3000 - Host: localhost:4000
2026-05-03T13:03:39.145Z [OPTIONS] /api/models - Origin: http://localhost:3000 - Host: localhost:4000
2026-05-03T13:03:39.153Z [OPTIONS] /api/models - Origin: http://localhost:3000 - Host: localhost:4000
2026-05-03T13:03:39.155Z [GET] /api/models - Origin: http://localhost:3000 - Host: localhost:4000
2026-05-03T13:03:41.439Z [GET] /api/models - Origin: http://localhost:3000 - Host: localhost:4000
2026-05-03T13:03:50.973Z [OPTIONS] /api/models - Origin: http://localhost:3000 - Host: localhost:4000
2026-05-03T13:03:50.977Z [OPTIONS] /api/models - Origin: http://localhost:3000 - Host: localhost:4000
2026-05-03T13:03:50.981Z [GET] /api/models - Origin: http://localhost:3000 - Host: localhost:4000
2026-05-03T13:03:51.566Z [GET] /api/models - Origin: http://localhost:3000 - Host: localhost:4000
2026-05-03T13:03:55.447Z [GET] /api/models - Origin: http://localhost:3000 - Host: localhost:4000
2026-05-03T13:03:56.004Z [GET] /api/models - Origin: http://localhost:3000 - Host: localhost:4000
2026-05-03T13:04:04.724Z [OPTIONS] /api/models - Origin: http://localhost:3000 - Host: localhost:4000
2026-05-03T13:04:04.727Z [OPTIONS] /api/models - Origin: http://localhost:3000 - Host: localhost:4000
2026-05-03T13:04:04.736Z [GET] /api/models - Origin: http://localhost:3000 - Host: localhost:4000
2026-05-03T13:04:05.288Z [GET] /api/models - Origin: http://localhost:3000 - Host: localhost:4000
2026-05-03T13:04:06.098Z [GET] /api/models - Origin: http://localhost:3000 - Host: localhost:4000
2026-05-03T13:04:06.660Z [GET] /api/models - Origin: http://localhost:3000 - Host: localhost:4000
2026-05-03T13:05:23.474Z [OPTIONS] /api/models - Origin: http://localhost:3000 - Host: localhost:4000
2026-05-03T13:05:23.475Z [OPTIONS] /api/models - Origin: http://localhost:3000 - Host: localhost:4000
2026-05-03T13:05:23.478Z [GET] /api/models - Origin: http://localhost:3000 - Host: localhost:4000
2026-05-03T13:05:25.672Z [GET] /api/models - Origin: http://localhost:3000 - Host: localhost:4000
2026-05-03T13:05:41.950Z [OPTIONS] /api/models - Origin: http://localhost:3000 - Host: localhost:4000
2026-05-03T13:05:41.957Z [OPTIONS] /api/models - Origin: http://localhost:3000 - Host: localhost:4000
2026-05-03T13:05:41.958Z [GET] /api/models - Origin: http://localhost:3000 - Host: localhost:4000
2026-05-03T13:05:44.315Z [GET] /api/models - Origin: http://localhost:3000 - Host: localhost:4000
2026-05-03T13:05:49.620Z [OPTIONS] /api/models - Origin: http://localhost:3000 - Host: localhost:4000
2026-05-03T13:05:49.622Z [OPTIONS] /api/models - Origin: http://localhost:3000 - Host: localhost:4000
2026-05-03T13:05:49.624Z [GET] /api/models - Origin: http://localhost:3000 - Host: localhost:4000
2026-05-03T13:05:50.248Z [GET] /api/models - Origin: http://localhost:3000 - Host: localhost:4000
2026-05-03T13:06:10.958Z [OPTIONS] /api/user/stats - Origin: http://localhost:3000 - Host: localhost:4000
2026-05-03T13:06:10.960Z [OPTIONS] /api/user/stats - Origin: http://localhost:3000 - Host: localhost:4000
2026-05-03T13:06:10.963Z [GET] /api/user/stats - Origin: http://localhost:3000 - Host: localhost:4000
2026-05-03T13:06:13.497Z [GET] /api/user/stats - Origin: http://localhost:3000 - Host: localhost:4000
2026-05-03T13:08:13.306Z [OPTIONS] /api/models?category=Gaming - Origin: http://localhost:3000 - Host: localhost:4000
2026-05-03T13:08:13.320Z [OPTIONS] /api/models?category=Gaming - Origin: http://localhost:3000 - Host: localhost:4000
2026-05-03T13:08:13.323Z [GET] /api/models?category=Gaming - Origin: http://localhost:3000 - Host: localhost:4000
2026-05-03T13:08:15.565Z [GET] /api/models?category=Gaming - Origin: http://localhost:3000 - Host: localhost:4000
2026-05-03T13:08:18.594Z [OPTIONS] /api/auth/me - Origin: http://localhost:3000 - Host: localhost:4000
2026-05-03T13:08:18.615Z [OPTIONS] /api/models?category=Gaming - Origin: http://localhost:3000 - Host: localhost:4000
2026-05-03T13:08:18.619Z [GET] /api/auth/me - Origin: http://localhost:3000 - Host: localhost:4000
2026-05-03T13:08:18.780Z [GET] /api/models?category=Gaming - Origin: http://localhost:3000 - Host: localhost:4000
2026-05-03T13:10:48.531Z [OPTIONS] /api/models - Origin: http://localhost:3000 - Host: localhost:4000
2026-05-03T13:10:48.534Z [OPTIONS] /api/models - Origin: http://localhost:3000 - Host: localhost:4000
2026-05-03T13:10:48.536Z [GET] /api/models - Origin: http://localhost:3000 - Host: localhost:4000
2026-05-03T13:10:50.719Z [GET] /api/models - Origin: http://localhost:3000 - Host: localhost:4000
2026-05-03T13:11:25.914Z [OPTIONS] /api/models - Origin: http://localhost:3000 - Host: localhost:4000
2026-05-03T13:11:25.928Z [OPTIONS] /api/models - Origin: http://localhost:3000 - Host: localhost:4000
2026-05-03T13:11:25.933Z [GET] /api/models - Origin: http://localhost:3000 - Host: localhost:4000
2026-05-03T13:11:28.221Z [GET] /api/models - Origin: http://localhost:3000 - Host: localhost:4000
2026-05-03T13:13:06.432Z [OPTIONS] /api/user/dashboard - Origin: http://localhost:3000 - Host: localhost:4000
2026-05-03T13:13:06.452Z [OPTIONS] /api/user/dashboard - Origin: http://localhost:3000 - Host: localhost:4000
2026-05-03T13:13:06.453Z [GET] /api/user/dashboard - Origin: http://localhost:3000 - Host: localhost:4000
2026-05-03T13:13:09.457Z [GET] /api/user/dashboard - Origin: http://localhost:3000 - Host: localhost:4000
2026-05-03T13:13:14.494Z [OPTIONS] /api/user/stats - Origin: http://localhost:3000 - Host: localhost:4000
2026-05-03T13:13:14.496Z [OPTIONS] /api/user/stats - Origin: http://localhost:3000 - Host: localhost:4000
2026-05-03T13:13:14.499Z [GET] /api/user/stats - Origin: http://localhost:3000 - Host: localhost:4000
2026-05-03T13:13:16.759Z [GET] /api/user/stats - Origin: http://localhost:3000 - Host: localhost:4000
2026-05-03T13:13:24.458Z [OPTIONS] /api/models - Origin: http://localhost:3000 - Host: localhost:4000
2026-05-03T13:13:24.461Z [OPTIONS] /api/models - Origin: http://localhost:3000 - Host: localhost:4000
2026-05-03T13:13:24.463Z [GET] /api/models - Origin: http://localhost:3000 - Host: localhost:4000
2026-05-03T13:13:25.039Z [GET] /api/models - Origin: http://localhost:3000 - Host: localhost:4000
2026-05-03T13:13:29.233Z [GET] /api/models - Origin: http://localhost:3000 - Host: localhost:4000
2026-05-03T13:13:29.869Z [GET] /api/models - Origin: http://localhost:3000 - Host: localhost:4000
2026-05-03T13:13:33.145Z [GET] /api/models - Origin: http://localhost:3000 - Host: localhost:4000
